<?xml version="1.0" encoding="UTF-8"?>
<!-- Generated by org.testng.reporters.JUnitXMLReporter -->
<testsuite ignored="2" hostname="DESKTOP-BKVIHK2" failures="0" tests="1" name="CarLoanTests" time="0.015" errors="0" timestamp="2022-09-27T12:23:58 IST">
  <testcase classname="loanapplications.CarLoanApplicationTests" name="CarLoanLoginAPI" time="0.002"/>
  <testcase classname="loanapplications.CarLoanApplicationTests" name="CarLoanLoginWeb" time="0.0">
    <ignored/>
  </testcase> <!-- CarLoanLoginWeb -->
  <testcase classname="loanapplications.CarLoanApplicationTests" name="CarLoanLoginMobile" time="0.0">
    <ignored/>
  </testcase> <!-- CarLoanLoginMobile -->
</testsuite> <!-- CarLoanTests -->
