<?xml version="1.0" encoding="UTF-8"?>
<!-- Generated by org.testng.reporters.JUnitXMLReporter -->
<testsuite ignored="4" hostname="DESKTOP-BKVIHK2" failures="0" tests="5" name="SmokeTests" time="0.145" errors="0" timestamp="2022-09-27T12:53:43 IST">
  <testcase classname="loanapplications.PersonalLoanApplicationTests" name="PersonalLoanLoginAPI" time="0.019"/>
  <testcase classname="loanapplications.PersonalLoanApplicationTests" name="PersonalLoanLoginMobile" time="0.007"/>
  <testcase classname="loanapplications.PersonalLoanApplicationTests" name="PersonalLoanLoginWeb" time="0.004"/>
  <testcase classname="loanapplications.HomeLoanApplicationTests" name="HomeLoanLoginWeb" time="0.003"/>
  <testcase classname="loanapplications.CarLoanApplicationTests" name="CarLoanLoginMobile" time="0.004"/>
  <testcase classname="loanapplications.CarLoanApplicationTests" name="CarLoanLoginWeb" time="0.0">
    <ignored/>
  </testcase> <!-- CarLoanLoginWeb -->
  <testcase classname="loanapplications.HomeLoanApplicationTests" name="HomeLoanLoginAPI" time="0.0">
    <ignored/>
  </testcase> <!-- HomeLoanLoginAPI -->
  <testcase classname="loanapplications.HomeLoanApplicationTests" name="HomeLoanLoginMobile" time="0.0">
    <ignored/>
  </testcase> <!-- HomeLoanLoginMobile -->
  <testcase classname="loanapplications.CarLoanApplicationTests" name="CarLoanLoginAPI" time="0.0">
    <ignored/>
  </testcase> <!-- CarLoanLoginAPI -->
</testsuite> <!-- SmokeTests -->
