<?xml version="1.0" encoding="UTF-8"?>
<!-- Generated by org.testng.reporters.JUnitXMLReporter -->
<testsuite ignored="0" hostname="DESKTOP-BKVIHK2" failures="0" tests="8" name="Test" time="0.307" errors="0" timestamp="2022-09-27T11:39:07 IST">
  <testcase classname="testpkg.sample1" name="demo" time="0.03"/>
  <testcase classname="testpkg.sample2" name="demo" time="0.007"/>
  <testcase classname="loanapplications.CarLoanApllicationTests" name="CarLoanLoginAPI" time="0.003"/>
  <testcase classname="loanapplications.CarLoanApllicationTests" name="CarLoanLoginMobile" time="0.007"/>
  <testcase classname="loanapplications.CarLoanApllicationTests" name="CarLoanLoginWeb" time="0.006"/>
  <testcase classname="loanapplications.HomeLoanApllicationTests" name="CarLoanLoginAPI" time="0.003"/>
  <testcase classname="loanapplications.HomeLoanApllicationTests" name="CarLoanLoginMobile" time="0.007"/>
  <testcase classname="loanapplications.HomeLoanApllicationTests" name="CarLoanLoginWeb" time="0.006"/>
</testsuite> <!-- Test -->
